已經開始建置於 2022/5/2 下午 01:39:56。
     1>節點 2 (Build 目標) 上的專案 "D:\last\CGAP\Hw2\HW2\HW2\HW2.vcxproj"。
     1>ClCompile:
         C:\Program Files (x86)\VC\bin\x86_amd64\CL.exe /c /Zi /nologo /W3 /WX- /sdl /O2 /Oi /GL /D _WINDOWS /D NDEBUG /D _CRT_SECURE_NO_WARNINGS /D _UNICODE /D UNICODE /Gm- /EHsc /MT /GS /Gy /fp:precise /Zc:wchar_t /Zc:forScope /Zc:inline /Yu"stdafx.h" /Fp"x64\Release\HW2.pch" /Fo"x64\Release\\" /Fd"x64\Release\vc140.pdb" /Gd /TP /errorReport:prompt HW2Dlg.cpp
         HW2Dlg.cpp
     1>HW2Dlg.cpp(189): warning C4244: '引數': 將 'float' 轉換為 'int'，由於類型不同，可能導致資料遺失
     1>HW2Dlg.cpp(190): warning C4244: '引數': 將 'float' 轉換為 'int'，由於類型不同，可能導致資料遺失
     1>HW2Dlg.cpp(210): warning C4244: '引數': 將 'float' 轉換為 'int'，由於類型不同，可能導致資料遺失
     1>HW2Dlg.cpp(211): warning C4244: '引數': 將 'float' 轉換為 'int'，由於類型不同，可能導致資料遺失
       Link:
         C:\Program Files (x86)\VC\bin\x86_amd64\link.exe /ERRORREPORT:PROMPT /OUT:"D:\last\CGAP\Hw2\HW2\x64\Release\HW2.exe" /INCREMENTAL:NO /NOLOGO opencv_world331.lib /MANIFEST /MANIFESTUAC:"level='asInvoker' uiAccess='false'" /manifest:embed /manifestinput:"C:\Program Files (x86)\VC\Include\Manifest\dpiaware.manifest" /Debug /PDB:"D:\last\CGAP\Hw2\HW2\x64\Release\HW2.pdb" /SUBSYSTEM:WINDOWS /OPT:REF /OPT:ICF /LTCG:incremental /TLBID:1 /ENTRY:"wWinMainCRTStartup" /DYNAMICBASE /NXCOMPAT /IMPLIB:"D:\last\CGAP\Hw2\HW2\x64\Release\HW2.lib" /MACHINE:X64 x64\Release\HW2.res
         x64\Release\HW2.obj
         x64\Release\HW2Dlg.obj
         x64\Release\stdafx.obj
         正在產生程式碼
         3 of 832 functions ( 0.4%) were compiled, the rest were copied from previous compilation.
           0 functions were new in current compilation
           7 functions had inline decision re-evaluated but remain unchanged
         已完成程式碼產生
         HW2.vcxproj -> D:\last\CGAP\Hw2\HW2\x64\Release\HW2.exe
     1>專案 "D:\last\CGAP\Hw2\HW2\HW2\HW2.vcxproj" (Build 目標) 建置完成。

建置成功。

經過時間 00:00:14.41
